[debug] [2026-02-16T19:36:35.925Z] ----------------------------------------------------------------------
[debug] [2026-02-16T19:36:35.933Z] Command:       /Users/ogi/.nvm/versions/node/v22.19.0/bin/node /Users/ogi/.nvm/versions/node/v22.19.0/bin/firebase deploy --only functions
[debug] [2026-02-16T19:36:35.933Z] CLI Version:   14.17.0
[debug] [2026-02-16T19:36:35.934Z] Platform:      darwin
[debug] [2026-02-16T19:36:35.934Z] Node Version:  v22.19.0
[debug] [2026-02-16T19:36:35.934Z] Time:          Mon Feb 16 2026 22:36:35 GMT+0300 (GMT+03:00)
[debug] [2026-02-16T19:36:35.934Z] ----------------------------------------------------------------------
[debug] 
[debug] [2026-02-16T19:36:36.082Z] Field "/functions" in "firebase.json" is possibly invalid: must be object
[debug] [2026-02-16T19:36:36.082Z] Field "/functions" in "firebase.json" is possibly invalid: must be object
[debug] [2026-02-16T19:36:36.082Z] Object "/functions/0" in "firebase.json" has unknown property: {"additionalProperty":"disallowLegacyRuntimeConfig"}
[debug] [2026-02-16T19:36:36.082Z] Object "/functions/0" in "firebase.json" is missing required property: {"missingProperty":"remoteSource"}
[debug] [2026-02-16T19:36:36.082Z] Field "/functions/0" in "firebase.json" is possibly invalid: must match a schema in anyOf
[debug] [2026-02-16T19:36:36.082Z] Field "/functions" in "firebase.json" is possibly invalid: must match a schema in anyOf
[debug] [2026-02-16T19:36:36.085Z] > command requires scopes: ["email","openid","https://www.googleapis.com/auth/cloudplatformprojects.readonly","https://www.googleapis.com/auth/firebase","https://www.googleapis.com/auth/cloud-platform"]
[debug] [2026-02-16T19:36:36.086Z] > authorizing via signed-in user (ogi.kahraman@gmail.com)
[debug] [2026-02-16T19:36:36.086Z] [iam] checking project pt-app-native for permissions ["cloudfunctions.functions.create","cloudfunctions.functions.delete","cloudfunctions.functions.get","cloudfunctions.functions.list","cloudfunctions.functions.update","cloudfunctions.operations.get","firebase.projects.get"]
[debug] [2026-02-16T19:36:36.086Z] Checked if tokens are valid: true, expires at: 1771273294001
[debug] [2026-02-16T19:36:36.086Z] Checked if tokens are valid: true, expires at: 1771273294001
[debug] [2026-02-16T19:36:36.087Z] >>> [apiv2][query] POST https://cloudresourcemanager.googleapis.com/v1/projects/pt-app-native:testIamPermissions [none]
[debug] [2026-02-16T19:36:36.087Z] >>> [apiv2][(partial)header] POST https://cloudresourcemanager.googleapis.com/v1/projects/pt-app-native:testIamPermissions x-goog-quota-user=projects/pt-app-native
[debug] [2026-02-16T19:36:36.087Z] >>> [apiv2][body] POST https://cloudresourcemanager.googleapis.com/v1/projects/pt-app-native:testIamPermissions {"permissions":["cloudfunctions.functions.create","cloudfunctions.functions.delete","cloudfunctions.functions.get","cloudfunctions.functions.list","cloudfunctions.functions.update","cloudfunctions.operations.get","firebase.projects.get"]}
[debug] [2026-02-16T19:36:37.236Z] <<< [apiv2][status] POST https://cloudresourcemanager.googleapis.com/v1/projects/pt-app-native:testIamPermissions 200
[debug] [2026-02-16T19:36:37.236Z] <<< [apiv2][body] POST https://cloudresourcemanager.googleapis.com/v1/projects/pt-app-native:testIamPermissions {"permissions":["cloudfunctions.functions.create","cloudfunctions.functions.delete","cloudfunctions.functions.get","cloudfunctions.functions.list","cloudfunctions.functions.update","cloudfunctions.operations.get","firebase.projects.get"]}
[debug] [2026-02-16T19:36:37.237Z] Checked if tokens are valid: true, expires at: 1771273294001
[debug] [2026-02-16T19:36:37.237Z] Checked if tokens are valid: true, expires at: 1771273294001
[debug] [2026-02-16T19:36:37.237Z] >>> [apiv2][query] POST https://iam.googleapis.com/v1/projects/pt-app-native/serviceAccounts/pt-app-native@appspot.gserviceaccount.com:testIamPermissions [none]
[debug] [2026-02-16T19:36:37.237Z] >>> [apiv2][body] POST https://iam.googleapis.com/v1/projects/pt-app-native/serviceAccounts/pt-app-native@appspot.gserviceaccount.com:testIamPermissions {"permissions":["iam.serviceAccounts.actAs"]}
[debug] [2026-02-16T19:36:38.280Z] <<< [apiv2][status] POST https://iam.googleapis.com/v1/projects/pt-app-native/serviceAccounts/pt-app-native@appspot.gserviceaccount.com:testIamPermissions 200
[debug] [2026-02-16T19:36:38.281Z] <<< [apiv2][body] POST https://iam.googleapis.com/v1/projects/pt-app-native/serviceAccounts/pt-app-native@appspot.gserviceaccount.com:testIamPermissions {"permissions":["iam.serviceAccounts.actAs"]}
[info] 
[info] === Deploying to 'pt-app-native'...
[info] 
[info] i  deploying functions 
[info] Running command: npm --prefix "$RESOURCE_DIR" run build
[info] ✔  functions: Finished running predeploy script. 
[debug] [2026-02-16T19:36:42.502Z] Checked if tokens are valid: true, expires at: 1771273294001
[debug] [2026-02-16T19:36:42.503Z] Checked if tokens are valid: true, expires at: 1771273294001
[debug] [2026-02-16T19:36:42.503Z] >>> [apiv2][query] GET https://cloudresourcemanager.googleapis.com/v1/projects/pt-app-native [none]
[debug] [2026-02-16T19:36:43.525Z] <<< [apiv2][status] GET https://cloudresourcemanager.googleapis.com/v1/projects/pt-app-native 200
[debug] [2026-02-16T19:36:43.525Z] <<< [apiv2][body] GET https://cloudresourcemanager.googleapis.com/v1/projects/pt-app-native {"projectNumber":"1025055592924","projectId":"pt-app-native","lifecycleState":"ACTIVE","name":"pt-app-native","labels":{"firebase":"enabled","firebase-core":"disabled"},"createTime":"2025-12-09T17:22:05.026805Z"}
[info] i  functions: preparing codebase default for deployment 
[info] i  functions: ensuring required API cloudfunctions.googleapis.com is enabled... 
[info] i  functions: ensuring required API cloudbuild.googleapis.com is enabled... 
[info] i  artifactregistry: ensuring required API artifactregistry.googleapis.com is enabled... 
[debug] [2026-02-16T19:36:43.530Z] Checked if tokens are valid: true, expires at: 1771273294001
[debug] [2026-02-16T19:36:43.530Z] Checked if tokens are valid: true, expires at: 1771273294001
[debug] [2026-02-16T19:36:43.530Z] >>> [apiv2][query] GET https://firebase.googleapis.com/v1beta1/projects/pt-app-native/adminSdkConfig [none]
[debug] [2026-02-16T19:36:44.009Z] <<< [apiv2][status] GET https://firebase.googleapis.com/v1beta1/projects/pt-app-native/adminSdkConfig 200
[debug] [2026-02-16T19:36:44.009Z] <<< [apiv2][body] GET https://firebase.googleapis.com/v1beta1/projects/pt-app-native/adminSdkConfig {"projectId":"pt-app-native","storageBucket":"pt-app-native.firebasestorage.app"}
[debug] [2026-02-16T19:36:44.009Z] Checked if tokens are valid: true, expires at: 1771273294001
[debug] [2026-02-16T19:36:44.010Z] Checked if tokens are valid: true, expires at: 1771273294001
[debug] [2026-02-16T19:36:44.010Z] >>> [apiv2][query] GET https://runtimeconfig.googleapis.com/v1beta1/projects/pt-app-native/configs [none]
